SF:D:\Source\GitHub\WeatherBalloonEdge\master\WeatherBalloonEdge\modules\TrackerModule\Program.cs
FN:21,System.Void WeatherBalloon.TrackerModule.Program::Main(System.String[])
FNDA:0,System.Void WeatherBalloon.TrackerModule.Program::Main(System.String[])
DA:22,0
DA:23,0
DA:26,0
DA:27,0
DA:28,0
DA:29,0
DA:30,0
FN:35,System.Threading.Tasks.Task WeatherBalloon.TrackerModule.Program::WhenCancelled(System.Threading.CancellationToken)
FNDA:0,System.Threading.Tasks.Task WeatherBalloon.TrackerModule.Program::WhenCancelled(System.Threading.CancellationToken)
DA:36,0
DA:37,0
DA:38,0
DA:39,0
DA:40,0
BRDA:38,15,0,0
BRDA:38,15,1,0
FN:18,System.Void WeatherBalloon.TrackerModule.Program::.cctor()
FNDA:0,System.Void WeatherBalloon.TrackerModule.Program::.cctor()
DA:19,0
FN:46,System.Void WeatherBalloon.TrackerModule.Program/<Init>d__3::MoveNext()
FNDA:0,System.Void WeatherBalloon.TrackerModule.Program/<Init>d__3::MoveNext()
DA:47,0
DA:49,0
DA:50,0
DA:56,0
DA:57,0
DA:58,0
DA:61,0
DA:63,0
DA:64,0
BRDA:56,106,0,0
BRDA:56,106,1,0
BRDA:57,231,0,0
BRDA:57,231,1,0
BRDA:61,367,0,0
BRDA:61,367,1,0
BRDA:63,494,0,0
BRDA:63,494,1,0
FN:71,System.Void WeatherBalloon.TrackerModule.Program/<>c__DisplayClass4_0::<ProcessTelemetry>b__0()
FNDA:0,System.Void WeatherBalloon.TrackerModule.Program/<>c__DisplayClass4_0::<ProcessTelemetry>b__0()
DA:72,0
DA:74,0
DA:75,0
DA:76,0
DA:77,0
DA:78,0
DA:79,0
DA:80,0
DA:81,0
DA:82,0
DA:83,0
FN:69,System.Void WeatherBalloon.TrackerModule.Program/<ProcessTelemetry>d__4::MoveNext()
FNDA:0,System.Void WeatherBalloon.TrackerModule.Program/<ProcessTelemetry>d__4::MoveNext()
DA:70,0
DA:71,0
DA:73,0
DA:85,0
DA:86,0
BRDA:71,78,0,0
BRDA:71,78,1,0
FN:91,System.Void WeatherBalloon.TrackerModule.Program/<ProcessBalloonData>d__5::MoveNext()
FNDA:0,System.Void WeatherBalloon.TrackerModule.Program/<ProcessBalloonData>d__5::MoveNext()
DA:92,0
DA:93,0
DA:94,0
DA:95,0
DA:96,0
DA:99,0
DA:102,0
DA:103,0
DA:104,0
DA:105,0
DA:106,0
DA:107,0
DA:108,0
DA:109,0
DA:110,0
DA:112,0
DA:113,0
BRDA:94,43,0,0
BRDA:94,43,1,0
BRDA:99,76,0,0
BRDA:104,135,0,0
BRDA:99,76,1,0
BRDA:104,135,1,0
LF:55
LH:0
BRF:18
BRH:0
FNF:7
FNH:0
end_of_record
SF:D:\Source\GitHub\WeatherBalloonEdge\master\WeatherBalloonEdge\modules\TrackerModule\TrackerModule.cs
FN:49,System.Boolean WeatherBalloon.TrackerModule.TrackerModule::Receive(WeatherBalloon.Messaging.GPSMessage)
FNDA:3,System.Boolean WeatherBalloon.TrackerModule.TrackerModule::Receive(WeatherBalloon.Messaging.GPSMessage)
DA:50,3
DA:51,3
DA:52,3
DA:53,3
DA:54,3
DA:56,3
DA:57,3
FN:35,System.Void WeatherBalloon.TrackerModule.TrackerModule::.ctor()
FNDA:3,System.Void WeatherBalloon.TrackerModule.TrackerModule::.ctor()
DA:36,3
DA:39,3
DA:40,3
DA:42,3
FN:64,System.Void WeatherBalloon.TrackerModule.TrackerModule/<Receive>d__7::MoveNext()
FNDA:2,System.Void WeatherBalloon.TrackerModule.TrackerModule/<Receive>d__7::MoveNext()
DA:65,2
DA:67,2
DA:68,2
DA:69,2
DA:70,2
DA:71,2
DA:72,2
DA:73,2
DA:74,2
DA:75,2
DA:78,2
DA:79,2
DA:81,2
DA:82,1
DA:83,1
DA:84,1
DA:86,1
DA:87,1
DA:90,1
DA:91,2
BRDA:67,136,0,2
BRDA:81,200,1,1
LF:31
LH:31
BRF:2
BRH:2
FNF:3
FNH:3
end_of_record