SF:D:\Source\GitHub\WeatherBalloonEdge\master\WeatherBalloonEdge\modules\BalloonModule\BalloonModule.cs
FN:101,System.Void WeatherBalloon.BalloonModule.BalloonModule::Receive(WeatherBalloon.Messaging.GPSMessage)
FNDA:13,System.Void WeatherBalloon.BalloonModule.BalloonModule::Receive(WeatherBalloon.Messaging.GPSMessage)
DA:102,13
DA:103,13
DA:104,13
DA:105,13
DA:107,13
DA:109,13
DA:110,4
DA:112,4
DA:113,2
DA:114,2
DA:116,2
DA:117,2
DA:119,4
DA:120,4
DA:121,4
DA:124,13
DA:125,4
DA:126,4
DA:127,4
DA:129,4
DA:130,9
DA:131,4
DA:132,4
DA:133,4
DA:134,4
DA:135,13
DA:136,13
BRDA:109,65,0,4
BRDA:112,75,0,2
BRDA:112,75,1,2
BRDA:112,88,0,2
BRDA:112,88,1,4
BRDA:109,65,1,13
BRDA:124,174,0,4
BRDA:124,174,1,9
BRDA:130,258,0,4
BRDA:130,258,1,13
FN:144,WeatherBalloon.Messaging.BalloonState WeatherBalloon.BalloonModule.BalloonModule::DetermineNewState(WeatherBalloon.Messaging.BalloonState,WeatherBalloon.Messaging.GPSLocation)
FNDA:13,WeatherBalloon.Messaging.BalloonState WeatherBalloon.BalloonModule.BalloonModule::DetermineNewState(WeatherBalloon.Messaging.BalloonState,WeatherBalloon.Messaging.GPSLocation)
DA:145,13
DA:146,13
DA:148,13
DA:151,5
DA:152,1
DA:153,1
DA:154,1
DA:155,5
DA:157,5
DA:158,2
DA:159,2
DA:160,2
DA:161,5
DA:163,3
DA:164,1
DA:165,1
DA:166,1
DA:167,3
DA:171,13
DA:172,13
BRDA:148,6,1,5
BRDA:151,43,0,2
BRDA:151,43,1,3
BRDA:151,70,0,1
BRDA:148,6,2,5
BRDA:157,93,0,4
BRDA:157,93,1,1
BRDA:157,120,0,2
BRDA:148,6,3,3
BRDA:163,152,0,1
BRDA:148,6,0,13
BRDA:151,70,1,13
BRDA:157,120,1,13
BRDA:163,152,1,13
FN:207,WeatherBalloon.Messaging.BalloonMessage WeatherBalloon.BalloonModule.BalloonModule::CreateBalloonMessage()
FNDA:12,WeatherBalloon.Messaging.BalloonMessage WeatherBalloon.BalloonModule.BalloonModule::CreateBalloonMessage()
DA:208,12
DA:209,12
DA:210,12
DA:211,12
DA:212,12
DA:213,12
DA:214,12
DA:215,12
DA:216,12
DA:217,12
FN:48,System.Void WeatherBalloon.BalloonModule.BalloonModule::.ctor()
FNDA:13,System.Void WeatherBalloon.BalloonModule.BalloonModule::.ctor()
DA:49,13
DA:54,13
DA:59,13
DA:69,13
DA:79,13
DA:84,13
DA:86,13
DA:92,13
DA:93,13
DA:95,13
FN:179,System.Void WeatherBalloon.BalloonModule.BalloonModule/<TransmitBalloonMessage>d__17::MoveNext()
FNDA:12,System.Void WeatherBalloon.BalloonModule.BalloonModule/<TransmitBalloonMessage>d__17::MoveNext()
DA:180,12
DA:181,12
DA:183,12
DA:186,12
DA:187,12
DA:189,11
DA:190,11
DA:191,1
DA:192,1
DA:194,1
DA:195,1
DA:198,11
DA:199,12
BRDA:183,56,0,12
BRDA:187,98,1,11
LF:80
LH:80
BRF:26
BRH:26
FNF:5
FNH:5
end_of_record
SF:D:\Source\GitHub\WeatherBalloonEdge\master\WeatherBalloonEdge\modules\BalloonModule\Program.cs
FN:24,System.Void WeatherBalloon.BalloonModule.Program::Main(System.String[])
FNDA:0,System.Void WeatherBalloon.BalloonModule.Program::Main(System.String[])
DA:25,0
DA:26,0
DA:29,0
DA:30,0
DA:31,0
DA:32,0
DA:33,0
FN:38,System.Threading.Tasks.Task WeatherBalloon.BalloonModule.Program::WhenCancelled(System.Threading.CancellationToken)
FNDA:0,System.Threading.Tasks.Task WeatherBalloon.BalloonModule.Program::WhenCancelled(System.Threading.CancellationToken)
DA:39,0
DA:40,0
DA:41,0
DA:42,0
DA:43,0
BRDA:41,15,0,0
BRDA:41,15,1,0
FN:91,System.Void WeatherBalloon.BalloonModule.Program::TransmitTimerCallback(System.Object)
FNDA:0,System.Void WeatherBalloon.BalloonModule.Program::TransmitTimerCallback(System.Object)
DA:92,0
DA:93,0
DA:94,0
DA:95,0
DA:96,0
DA:97,0
DA:100,0
DA:101,0
BRDA:94,14,0,0
BRDA:94,14,1,0
FN:19,System.Void WeatherBalloon.BalloonModule.Program::.cctor()
FNDA:0,System.Void WeatherBalloon.BalloonModule.Program::.cctor()
DA:20,0
FN:49,System.Void WeatherBalloon.BalloonModule.Program/<Init>d__5::MoveNext()
FNDA:0,System.Void WeatherBalloon.BalloonModule.Program/<Init>d__5::MoveNext()
DA:50,0
DA:52,0
DA:53,0
DA:59,0
DA:60,0
DA:61,0
DA:64,0
DA:66,0
DA:67,0
BRDA:59,97,0,0
BRDA:59,97,1,0
BRDA:60,222,0,0
BRDA:60,222,1,0
BRDA:64,358,0,0
BRDA:64,358,1,0
FN:74,System.Void WeatherBalloon.BalloonModule.Program/<>c__DisplayClass6_0::<ProcessTelemetry>b__0()
FNDA:0,System.Void WeatherBalloon.BalloonModule.Program/<>c__DisplayClass6_0::<ProcessTelemetry>b__0()
DA:75,0
DA:77,0
DA:78,0
DA:79,0
DA:80,0
DA:81,0
DA:82,0
DA:83,0
DA:84,0
DA:85,0
DA:86,0
FN:72,System.Void WeatherBalloon.BalloonModule.Program/<ProcessTelemetry>d__6::MoveNext()
FNDA:0,System.Void WeatherBalloon.BalloonModule.Program/<ProcessTelemetry>d__6::MoveNext()
DA:73,0
DA:74,0
DA:76,0
DA:88,0
DA:89,0
BRDA:74,78,0,0
BRDA:74,78,1,0
LF:46
LH:0
BRF:12
BRH:0
FNF:7
FNH:0
end_of_record
SF:D:\Source\GitHub\WeatherBalloonEdge\master\WeatherBalloonEdge\shared\WeatherBalloon.Common\FakeModuleClient.cs
FN:17,System.Void WeatherBalloon.Common.FakeModuleClient::.ctor()
FNDA:11,System.Void WeatherBalloon.Common.FakeModuleClient::.ctor()
DA:18,11
FN:20,System.Void WeatherBalloon.Common.FakeModuleClient/<SendEventAsync>d__1::MoveNext()
FNDA:11,System.Void WeatherBalloon.Common.FakeModuleClient/<SendEventAsync>d__1::MoveNext()
DA:21,11
DA:22,11
DA:23,11
LF:4
LH:4
BRF:0
BRH:0
FNF:2
FNH:2
end_of_record
SF:D:\Source\GitHub\WeatherBalloonEdge\master\WeatherBalloonEdge\shared\WeatherBalloon.Common\Logging.cs
FN:22,System.Void WeatherBalloon.Common.Logger::Log(WeatherBalloon.Common.LoggingLevel,System.String)
FNDA:18,System.Void WeatherBalloon.Common.Logger::Log(WeatherBalloon.Common.LoggingLevel,System.String)
DA:23,18
DA:24,18
DA:25,18
DA:26,18
DA:27,18
DA:28,18
BRDA:24,14,0,18
BRDA:24,14,1,18
FN:30,System.Void WeatherBalloon.Common.Logger::LogInfo(System.String)
FNDA:17,System.Void WeatherBalloon.Common.Logger::LogInfo(System.String)
DA:31,17
DA:32,17
DA:33,17
FN:35,System.Void WeatherBalloon.Common.Logger::LogWarning(System.String)
FNDA:0,System.Void WeatherBalloon.Common.Logger::LogWarning(System.String)
DA:36,0
DA:37,0
DA:38,0
FN:40,System.Void WeatherBalloon.Common.Logger::LogError(System.String)
FNDA:1,System.Void WeatherBalloon.Common.Logger::LogError(System.String)
DA:41,1
DA:42,1
DA:43,1
FN:44,System.Void WeatherBalloon.Common.Logger::LogFatalError(System.String)
FNDA:0,System.Void WeatherBalloon.Common.Logger::LogFatalError(System.String)
DA:45,0
DA:46,0
DA:47,0
FN:14,System.Void WeatherBalloon.Common.Logger::.cctor()
FNDA:1,System.Void WeatherBalloon.Common.Logger::.cctor()
DA:15,1
LF:19
LH:13
BRF:2
BRH:2
FNF:6
FNH:4
end_of_record
SF:D:\Source\GitHub\WeatherBalloonEdge\master\WeatherBalloonEdge\shared\WeatherBalloon.Common\MessageHelper.cs
FN:11,T WeatherBalloon.Common.MessageHelper::ParseMessage(Microsoft.Azure.Devices.Client.Message)
FNDA:11,T WeatherBalloon.Common.MessageHelper::ParseMessage(Microsoft.Azure.Devices.Client.Message)
DA:12,11
DA:13,11
DA:14,11
DA:16,11
DA:17,11
LF:5
LH:5
BRF:0
BRH:0
FNF:1
FNH:1
end_of_record
SF:D:\Source\GitHub\WeatherBalloonEdge\master\WeatherBalloonEdge\shared\WeatherBalloon.Common\WrappedModuleClient.cs
FN:12,System.Void WeatherBalloon.Common.WrappedModuleClient::.ctor(Microsoft.Azure.Devices.Client.ModuleClient)
FNDA:0,System.Void WeatherBalloon.Common.WrappedModuleClient::.ctor(Microsoft.Azure.Devices.Client.ModuleClient)
DA:13,0
DA:14,0
DA:15,0
DA:16,0
FN:18,System.Void WeatherBalloon.Common.WrappedModuleClient/<SendEventAsync>d__2::MoveNext()
FNDA:0,System.Void WeatherBalloon.Common.WrappedModuleClient/<SendEventAsync>d__2::MoveNext()
DA:19,0
DA:20,0
DA:21,0
DA:22,0
DA:23,0
DA:25,0
DA:26,0
DA:28,0
BRDA:20,31,0,0
BRDA:22,75,0,0
BRDA:22,75,1,0
BRDA:20,31,1,0
LF:12
LH:0
BRF:4
BRH:0
FNF:2
FNH:0
end_of_record
SF:D:\Source\GitHub\WeatherBalloonEdge\master\WeatherBalloonEdge\shared\WeatherBalloon.Messaging\BalloonMessage.cs
FN:8,System.String WeatherBalloon.Messaging.BalloonMessage::get_Type()
FNDA:69,System.String WeatherBalloon.Messaging.BalloonMessage::get_Type()
DA:9,69
FN:10,WeatherBalloon.Messaging.GPSLocation WeatherBalloon.Messaging.BalloonMessage::get_Location()
FNDA:99,WeatherBalloon.Messaging.GPSLocation WeatherBalloon.Messaging.BalloonMessage::get_Location()
DA:11,99
FN:11,System.Double WeatherBalloon.Messaging.BalloonMessage::get_AveAscent()
FNDA:50,System.Double WeatherBalloon.Messaging.BalloonMessage::get_AveAscent()
DA:12,50
FN:12,System.Double WeatherBalloon.Messaging.BalloonMessage::get_AveDescent()
FNDA:50,System.Double WeatherBalloon.Messaging.BalloonMessage::get_AveDescent()
DA:13,50
FN:13,System.Double WeatherBalloon.Messaging.BalloonMessage::get_BurstAltitude()
FNDA:49,System.Double WeatherBalloon.Messaging.BalloonMessage::get_BurstAltitude()
DA:14,49
FN:14,WeatherBalloon.Messaging.BalloonState WeatherBalloon.Messaging.BalloonMessage::get_State()
FNDA:54,WeatherBalloon.Messaging.BalloonState WeatherBalloon.Messaging.BalloonMessage::get_State()
DA:15,54
LF:6
LH:6
BRF:0
BRH:0
FNF:6
FNH:6
end_of_record
SF:D:\Source\GitHub\WeatherBalloonEdge\master\WeatherBalloonEdge\shared\WeatherBalloon.Messaging\GPSLocation.cs
FN:4,System.Double WeatherBalloon.Messaging.GPSLocation::get_track()
FNDA:61,System.Double WeatherBalloon.Messaging.GPSLocation::get_track()
DA:5,61
FN:5,System.String WeatherBalloon.Messaging.GPSLocation::get_type()
FNDA:34,System.String WeatherBalloon.Messaging.GPSLocation::get_type()
DA:6,34
FN:6,System.Double WeatherBalloon.Messaging.GPSLocation::get_long()
FNDA:61,System.Double WeatherBalloon.Messaging.GPSLocation::get_long()
DA:7,61
FN:7,System.Int32 WeatherBalloon.Messaging.GPSLocation::get_mode()
FNDA:61,System.Int32 WeatherBalloon.Messaging.GPSLocation::get_mode()
DA:8,61
FN:8,System.String WeatherBalloon.Messaging.GPSLocation::get_time()
FNDA:61,System.String WeatherBalloon.Messaging.GPSLocation::get_time()
DA:9,61
FN:9,System.Double WeatherBalloon.Messaging.GPSLocation::get_lat()
FNDA:61,System.Double WeatherBalloon.Messaging.GPSLocation::get_lat()
DA:10,61
FN:10,System.Double WeatherBalloon.Messaging.GPSLocation::get_alt()
FNDA:60,System.Double WeatherBalloon.Messaging.GPSLocation::get_alt()
DA:11,60
FN:11,System.Double WeatherBalloon.Messaging.GPSLocation::get_speed()
FNDA:61,System.Double WeatherBalloon.Messaging.GPSLocation::get_speed()
DA:12,61
FN:12,System.Double WeatherBalloon.Messaging.GPSLocation::get_climb()
FNDA:88,System.Double WeatherBalloon.Messaging.GPSLocation::get_climb()
DA:13,88
LF:9
LH:9
BRF:0
BRH:0
FNF:9
FNH:9
end_of_record
SF:D:\Source\GitHub\WeatherBalloonEdge\master\WeatherBalloonEdge\shared\WeatherBalloon.Messaging\GPSMessage.cs
FN:6,System.String WeatherBalloon.Messaging.GPSMessage::get_Type()
FNDA:0,System.String WeatherBalloon.Messaging.GPSMessage::get_Type()
DA:7,0
FN:8,WeatherBalloon.Messaging.GPSLocation WeatherBalloon.Messaging.GPSMessage::get_Location()
FNDA:122,WeatherBalloon.Messaging.GPSLocation WeatherBalloon.Messaging.GPSMessage::get_Location()
DA:9,122
LF:2
LH:1
BRF:0
BRH:0
FNF:2
FNH:1
end_of_record
SF:D:\Source\GitHub\WeatherBalloonEdge\master\WeatherBalloonEdge\shared\WeatherBalloon.Messaging\MessageBase.cs
FN:8,System.String WeatherBalloon.Messaging.MessageBase::get_Type()
FNDA:0,System.String WeatherBalloon.Messaging.MessageBase::get_Type()
DA:9,0
FN:9,System.DateTime WeatherBalloon.Messaging.MessageBase::get_Timestamp()
FNDA:70,System.DateTime WeatherBalloon.Messaging.MessageBase::get_Timestamp()
DA:10,70
FN:17,System.Byte[] WeatherBalloon.Messaging.MessageBase::ToRawBytes()
FNDA:12,System.Byte[] WeatherBalloon.Messaging.MessageBase::ToRawBytes()
DA:18,12
DA:19,12
DA:20,12
DA:22,12
DA:23,12
FN:11,System.Void WeatherBalloon.Messaging.MessageBase::.ctor()
FNDA:36,System.Void WeatherBalloon.Messaging.MessageBase::.ctor()
DA:12,36
DA:13,36
DA:14,36
DA:15,36
LF:11
LH:10
BRF:0
BRH:0
FNF:4
FNH:3
end_of_record
SF:D:\Source\GitHub\WeatherBalloonEdge\master\WeatherBalloonEdge\shared\WeatherBalloon.Messaging\PredictionMessage.cs
FN:7,System.String WeatherBalloon.Messaging.PredictionMessage::get_Type()
FNDA:0,System.String WeatherBalloon.Messaging.PredictionMessage::get_Type()
DA:8,0
FN:9,System.DateTime WeatherBalloon.Messaging.PredictionMessage::get_PredictionDate()
FNDA:0,System.DateTime WeatherBalloon.Messaging.PredictionMessage::get_PredictionDate()
DA:10,0
FN:11,System.Single WeatherBalloon.Messaging.PredictionMessage::get_LandingLat()
FNDA:0,System.Single WeatherBalloon.Messaging.PredictionMessage::get_LandingLat()
DA:12,0
FN:12,System.Single WeatherBalloon.Messaging.PredictionMessage::get_LandingLong()
FNDA:0,System.Single WeatherBalloon.Messaging.PredictionMessage::get_LandingLong()
DA:13,0
FN:13,System.DateTime WeatherBalloon.Messaging.PredictionMessage::get_LandingDateTime()
FNDA:0,System.DateTime WeatherBalloon.Messaging.PredictionMessage::get_LandingDateTime()
DA:14,0
FN:15,WeatherBalloon.Messaging.GPSLocation WeatherBalloon.Messaging.PredictionMessage::get_BalloonLocation()
FNDA:0,WeatherBalloon.Messaging.GPSLocation WeatherBalloon.Messaging.PredictionMessage::get_BalloonLocation()
DA:16,0
LF:6
LH:0
BRF:0
BRH:0
FNF:6
FNH:0
end_of_record
SF:D:\Source\GitHub\WeatherBalloonEdge\master\WeatherBalloonEdge\shared\WeatherBalloon.Messaging\TrackerMessage.cs
FN:6,System.String WeatherBalloon.Messaging.TrackerMessage::get_Type()
FNDA:0,System.String WeatherBalloon.Messaging.TrackerMessage::get_Type()
DA:7,0
FN:8,WeatherBalloon.Messaging.GPSLocation WeatherBalloon.Messaging.TrackerMessage::get_BalloonLocation()
FNDA:0,WeatherBalloon.Messaging.GPSLocation WeatherBalloon.Messaging.TrackerMessage::get_BalloonLocation()
DA:9,0
FN:9,WeatherBalloon.Messaging.GPSLocation WeatherBalloon.Messaging.TrackerMessage::get_TrackerLocation()
FNDA:0,WeatherBalloon.Messaging.GPSLocation WeatherBalloon.Messaging.TrackerMessage::get_TrackerLocation()
DA:10,0
FN:11,System.Double WeatherBalloon.Messaging.TrackerMessage::get_AveAscent()
FNDA:0,System.Double WeatherBalloon.Messaging.TrackerMessage::get_AveAscent()
DA:12,0
FN:12,System.Double WeatherBalloon.Messaging.TrackerMessage::get_AveDescent()
FNDA:0,System.Double WeatherBalloon.Messaging.TrackerMessage::get_AveDescent()
DA:13,0
FN:13,System.Double WeatherBalloon.Messaging.TrackerMessage::get_BurstAltitude()
FNDA:0,System.Double WeatherBalloon.Messaging.TrackerMessage::get_BurstAltitude()
DA:14,0
FN:14,WeatherBalloon.Messaging.BalloonState WeatherBalloon.Messaging.TrackerMessage::get_State()
FNDA:0,WeatherBalloon.Messaging.BalloonState WeatherBalloon.Messaging.TrackerMessage::get_State()
DA:15,0
LF:7
LH:0
BRF:0
BRH:0
FNF:7
FNH:0
end_of_record