SF:D:\Source\GitHub\WeatherBalloonEdge\master\WeatherBalloonEdge\modules\BalloonModule\BalloonModule.cs
FN:76,System.Void WeatherBalloon.BalloonModule.BalloonModule::Receive(WeatherBalloon.Messaging.GPSMessage)
FNDA:10,System.Void WeatherBalloon.BalloonModule.BalloonModule::Receive(WeatherBalloon.Messaging.GPSMessage)
DA:77,10
DA:78,10
DA:79,10
DA:80,10
DA:82,10
DA:84,10
DA:85,3
DA:87,3
DA:88,2
DA:89,2
DA:91,2
DA:92,2
DA:94,3
DA:95,3
DA:96,3
DA:99,10
DA:100,4
DA:101,4
DA:102,4
DA:104,4
DA:105,6
DA:106,3
DA:107,3
DA:108,3
DA:109,3
DA:110,10
DA:111,10
BRDA:84,65,0,3
BRDA:87,75,0,2
BRDA:87,75,1,1
BRDA:87,88,0,2
BRDA:87,88,1,3
BRDA:84,65,1,10
BRDA:99,174,0,4
BRDA:99,174,1,6
BRDA:105,258,0,3
BRDA:105,258,1,10
FN:113,WeatherBalloon.Messaging.BalloonState WeatherBalloon.BalloonModule.BalloonModule::DetermineNewState(WeatherBalloon.Messaging.BalloonState,WeatherBalloon.Messaging.GPSLocation)
FNDA:10,WeatherBalloon.Messaging.BalloonState WeatherBalloon.BalloonModule.BalloonModule::DetermineNewState(WeatherBalloon.Messaging.BalloonState,WeatherBalloon.Messaging.GPSLocation)
DA:114,10
DA:115,10
DA:117,10
DA:120,4
DA:121,1
DA:122,1
DA:123,1
DA:124,4
DA:126,5
DA:127,2
DA:128,2
DA:129,2
DA:130,5
DA:132,1
DA:133,0
DA:134,0
DA:135,0
DA:136,1
DA:140,10
DA:141,10
BRDA:117,6,1,4
BRDA:120,43,0,2
BRDA:120,43,1,2
BRDA:120,70,0,1
BRDA:117,6,2,5
BRDA:126,93,0,4
BRDA:126,93,1,1
BRDA:126,120,0,2
BRDA:117,6,3,1
BRDA:132,152,0,0
BRDA:117,6,0,10
BRDA:120,70,1,10
BRDA:126,120,1,10
BRDA:132,152,1,10
FN:160,WeatherBalloon.Messaging.BalloonMessage WeatherBalloon.BalloonModule.BalloonModule::CreateBalloonMessage()
FNDA:9,WeatherBalloon.Messaging.BalloonMessage WeatherBalloon.BalloonModule.BalloonModule::CreateBalloonMessage()
DA:161,9
DA:162,9
DA:163,9
DA:164,9
DA:165,9
DA:166,9
DA:167,9
DA:168,9
DA:169,9
DA:170,9
FN:25,System.Void WeatherBalloon.BalloonModule.BalloonModule::.ctor()
FNDA:10,System.Void WeatherBalloon.BalloonModule.BalloonModule::.ctor()
DA:26,10
DA:30,10
DA:35,10
DA:51,10
DA:58,10
DA:59,10
DA:61,10
DA:67,10
DA:68,10
DA:70,10
FN:143,System.Void WeatherBalloon.BalloonModule.BalloonModule/<Transmit>d__17::MoveNext()
FNDA:9,System.Void WeatherBalloon.BalloonModule.BalloonModule/<Transmit>d__17::MoveNext()
DA:144,9
DA:145,9
DA:147,9
DA:149,9
DA:151,9
DA:152,9
BRDA:149,89,1,9
LF:73
LH:70
BRF:25
BRH:24
FNF:5
FNH:5
end_of_record
SF:D:\Source\GitHub\WeatherBalloonEdge\master\WeatherBalloonEdge\modules\BalloonModule\Program.cs
FN:24,System.Void WeatherBalloon.BalloonModule.Program::Main(System.String[])
FNDA:0,System.Void WeatherBalloon.BalloonModule.Program::Main(System.String[])
DA:25,0
DA:26,0
DA:29,0
DA:30,0
DA:31,0
DA:32,0
DA:33,0
FN:38,System.Threading.Tasks.Task WeatherBalloon.BalloonModule.Program::WhenCancelled(System.Threading.CancellationToken)
FNDA:0,System.Threading.Tasks.Task WeatherBalloon.BalloonModule.Program::WhenCancelled(System.Threading.CancellationToken)
DA:39,0
DA:40,0
DA:41,0
DA:42,0
DA:43,0
BRDA:41,15,0,0
BRDA:41,15,1,0
FN:91,System.Void WeatherBalloon.BalloonModule.Program::TransmitTimerCallback(System.Object)
FNDA:0,System.Void WeatherBalloon.BalloonModule.Program::TransmitTimerCallback(System.Object)
DA:92,0
DA:93,0
DA:94,0
DA:95,0
DA:96,0
DA:97,0
DA:100,0
DA:101,0
BRDA:94,14,0,0
BRDA:94,14,1,0
FN:19,System.Void WeatherBalloon.BalloonModule.Program::.cctor()
FNDA:0,System.Void WeatherBalloon.BalloonModule.Program::.cctor()
DA:20,0
FN:49,System.Void WeatherBalloon.BalloonModule.Program/<Init>d__5::MoveNext()
FNDA:0,System.Void WeatherBalloon.BalloonModule.Program/<Init>d__5::MoveNext()
DA:50,0
DA:52,0
DA:53,0
DA:59,0
DA:60,0
DA:61,0
DA:64,0
DA:66,0
DA:67,0
BRDA:59,97,0,0
BRDA:59,97,1,0
BRDA:60,222,0,0
BRDA:60,222,1,0
BRDA:64,358,0,0
BRDA:64,358,1,0
FN:74,System.Void WeatherBalloon.BalloonModule.Program/<>c__DisplayClass6_0::<ProcessTelemetry>b__0()
FNDA:0,System.Void WeatherBalloon.BalloonModule.Program/<>c__DisplayClass6_0::<ProcessTelemetry>b__0()
DA:75,0
DA:77,0
DA:78,0
DA:79,0
DA:80,0
DA:81,0
DA:82,0
DA:83,0
DA:84,0
DA:85,0
DA:86,0
FN:72,System.Void WeatherBalloon.BalloonModule.Program/<ProcessTelemetry>d__6::MoveNext()
FNDA:0,System.Void WeatherBalloon.BalloonModule.Program/<ProcessTelemetry>d__6::MoveNext()
DA:73,0
DA:74,0
DA:76,0
DA:88,0
DA:89,0
BRDA:74,78,0,0
BRDA:74,78,1,0
LF:46
LH:0
BRF:12
BRH:0
FNF:7
FNH:0
end_of_record
SF:D:\Source\GitHub\WeatherBalloonEdge\master\WeatherBalloonEdge\shared\WeatherBalloon.Common\FakeModuleClient.cs
FN:10,System.Void WeatherBalloon.Common.FakeModuleClient::.ctor()
FNDA:9,System.Void WeatherBalloon.Common.FakeModuleClient::.ctor()
DA:11,9
FN:13,System.Void WeatherBalloon.Common.FakeModuleClient/<SendEventAsync>d__1::MoveNext()
FNDA:9,System.Void WeatherBalloon.Common.FakeModuleClient/<SendEventAsync>d__1::MoveNext()
DA:14,9
DA:15,9
DA:16,9
LF:4
LH:4
BRF:0
BRH:0
FNF:2
FNH:2
end_of_record
SF:D:\Source\GitHub\WeatherBalloonEdge\master\WeatherBalloonEdge\shared\WeatherBalloon.Common\Logging.cs
FN:22,System.Void WeatherBalloon.Common.Logger::Log(WeatherBalloon.Common.LoggingLevel,System.String)
FNDA:14,System.Void WeatherBalloon.Common.Logger::Log(WeatherBalloon.Common.LoggingLevel,System.String)
DA:23,14
DA:24,14
DA:25,14
DA:26,14
DA:27,14
DA:28,14
BRDA:24,14,0,14
BRDA:24,14,1,14
FN:30,System.Void WeatherBalloon.Common.Logger::LogInfo(System.String)
FNDA:14,System.Void WeatherBalloon.Common.Logger::LogInfo(System.String)
DA:31,14
DA:32,14
DA:33,14
FN:35,System.Void WeatherBalloon.Common.Logger::LogWarning(System.String)
FNDA:0,System.Void WeatherBalloon.Common.Logger::LogWarning(System.String)
DA:36,0
DA:37,0
DA:38,0
FN:40,System.Void WeatherBalloon.Common.Logger::LogFatalError(System.String)
FNDA:0,System.Void WeatherBalloon.Common.Logger::LogFatalError(System.String)
DA:41,0
DA:42,0
DA:43,0
FN:14,System.Void WeatherBalloon.Common.Logger::.cctor()
FNDA:1,System.Void WeatherBalloon.Common.Logger::.cctor()
DA:15,1
LF:16
LH:10
BRF:2
BRH:2
FNF:5
FNH:3
end_of_record
SF:D:\Source\GitHub\WeatherBalloonEdge\master\WeatherBalloonEdge\shared\WeatherBalloon.Common\MessageHelper.cs
FN:11,T WeatherBalloon.Common.MessageHelper::ParseMessage(Microsoft.Azure.Devices.Client.Message)
FNDA:9,T WeatherBalloon.Common.MessageHelper::ParseMessage(Microsoft.Azure.Devices.Client.Message)
DA:12,9
DA:13,9
DA:14,9
DA:16,9
DA:17,9
LF:5
LH:5
BRF:0
BRH:0
FNF:1
FNH:1
end_of_record
SF:D:\Source\GitHub\WeatherBalloonEdge\master\WeatherBalloonEdge\shared\WeatherBalloon.Common\WrappedModuleClient.cs
FN:12,System.Void WeatherBalloon.Common.WrappedModuleClient::.ctor(Microsoft.Azure.Devices.Client.ModuleClient)
FNDA:0,System.Void WeatherBalloon.Common.WrappedModuleClient::.ctor(Microsoft.Azure.Devices.Client.ModuleClient)
DA:13,0
DA:14,0
DA:15,0
DA:16,0
FN:18,System.Void WeatherBalloon.Common.WrappedModuleClient/<SendEventAsync>d__2::MoveNext()
FNDA:0,System.Void WeatherBalloon.Common.WrappedModuleClient/<SendEventAsync>d__2::MoveNext()
DA:19,0
DA:20,0
DA:21,0
DA:22,0
DA:23,0
DA:25,0
DA:26,0
DA:28,0
BRDA:20,31,0,0
BRDA:22,75,0,0
BRDA:22,75,1,0
BRDA:20,31,1,0
LF:12
LH:0
BRF:4
BRH:0
FNF:2
FNH:0
end_of_record
SF:D:\Source\GitHub\WeatherBalloonEdge\master\WeatherBalloonEdge\shared\WeatherBalloon.Messaging\BalloonMessage.cs
FN:8,System.String WeatherBalloon.Messaging.BalloonMessage::get_Type()
FNDA:54,System.String WeatherBalloon.Messaging.BalloonMessage::get_Type()
DA:9,54
FN:10,WeatherBalloon.Messaging.GPSLocation WeatherBalloon.Messaging.BalloonMessage::get_Location()
FNDA:87,WeatherBalloon.Messaging.GPSLocation WeatherBalloon.Messaging.BalloonMessage::get_Location()
DA:11,87
FN:11,System.Double WeatherBalloon.Messaging.BalloonMessage::get_AveAscent()
FNDA:40,System.Double WeatherBalloon.Messaging.BalloonMessage::get_AveAscent()
DA:12,40
FN:12,System.Double WeatherBalloon.Messaging.BalloonMessage::get_AveDescent()
FNDA:40,System.Double WeatherBalloon.Messaging.BalloonMessage::get_AveDescent()
DA:13,40
FN:13,System.Double WeatherBalloon.Messaging.BalloonMessage::get_BurstAltitude()
FNDA:39,System.Double WeatherBalloon.Messaging.BalloonMessage::get_BurstAltitude()
DA:14,39
FN:14,WeatherBalloon.Messaging.BalloonState WeatherBalloon.Messaging.BalloonMessage::get_State()
FNDA:42,WeatherBalloon.Messaging.BalloonState WeatherBalloon.Messaging.BalloonMessage::get_State()
DA:15,42
LF:6
LH:6
BRF:0
BRH:0
FNF:6
FNH:6
end_of_record
SF:D:\Source\GitHub\WeatherBalloonEdge\master\WeatherBalloonEdge\shared\WeatherBalloon.Messaging\GPSLocation.cs
FN:4,System.Double WeatherBalloon.Messaging.GPSLocation::get_track()
FNDA:51,System.Double WeatherBalloon.Messaging.GPSLocation::get_track()
DA:5,51
FN:5,System.String WeatherBalloon.Messaging.GPSLocation::get_type()
FNDA:27,System.String WeatherBalloon.Messaging.GPSLocation::get_type()
DA:6,27
FN:6,System.Double WeatherBalloon.Messaging.GPSLocation::get_long()
FNDA:51,System.Double WeatherBalloon.Messaging.GPSLocation::get_long()
DA:7,51
FN:7,System.Int32 WeatherBalloon.Messaging.GPSLocation::get_mode()
FNDA:51,System.Int32 WeatherBalloon.Messaging.GPSLocation::get_mode()
DA:8,51
FN:8,System.String WeatherBalloon.Messaging.GPSLocation::get_time()
FNDA:51,System.String WeatherBalloon.Messaging.GPSLocation::get_time()
DA:9,51
FN:9,System.Double WeatherBalloon.Messaging.GPSLocation::get_lat()
FNDA:51,System.Double WeatherBalloon.Messaging.GPSLocation::get_lat()
DA:10,51
FN:10,System.Double WeatherBalloon.Messaging.GPSLocation::get_alt()
FNDA:48,System.Double WeatherBalloon.Messaging.GPSLocation::get_alt()
DA:11,48
FN:11,System.Double WeatherBalloon.Messaging.GPSLocation::get_speed()
FNDA:51,System.Double WeatherBalloon.Messaging.GPSLocation::get_speed()
DA:12,51
FN:12,System.Double WeatherBalloon.Messaging.GPSLocation::get_climb()
FNDA:77,System.Double WeatherBalloon.Messaging.GPSLocation::get_climb()
DA:13,77
LF:9
LH:9
BRF:0
BRH:0
FNF:9
FNH:9
end_of_record
SF:D:\Source\GitHub\WeatherBalloonEdge\master\WeatherBalloonEdge\shared\WeatherBalloon.Messaging\GPSMessage.cs
FN:6,System.String WeatherBalloon.Messaging.GPSMessage::get_Type()
FNDA:0,System.String WeatherBalloon.Messaging.GPSMessage::get_Type()
DA:7,0
FN:8,WeatherBalloon.Messaging.GPSLocation WeatherBalloon.Messaging.GPSMessage::get_Location()
FNDA:110,WeatherBalloon.Messaging.GPSLocation WeatherBalloon.Messaging.GPSMessage::get_Location()
DA:9,110
LF:2
LH:1
BRF:0
BRH:0
FNF:2
FNH:1
end_of_record
SF:D:\Source\GitHub\WeatherBalloonEdge\master\WeatherBalloonEdge\shared\WeatherBalloon.Messaging\MessageBase.cs
FN:8,System.String WeatherBalloon.Messaging.MessageBase::get_Type()
FNDA:0,System.String WeatherBalloon.Messaging.MessageBase::get_Type()
DA:9,0
FN:9,System.DateTime WeatherBalloon.Messaging.MessageBase::get_Timestamp()
FNDA:55,System.DateTime WeatherBalloon.Messaging.MessageBase::get_Timestamp()
DA:10,55
FN:17,System.Byte[] WeatherBalloon.Messaging.MessageBase::ToRawBytes()
FNDA:9,System.Byte[] WeatherBalloon.Messaging.MessageBase::ToRawBytes()
DA:18,9
DA:19,9
DA:20,9
DA:22,9
DA:23,9
FN:11,System.Void WeatherBalloon.Messaging.MessageBase::.ctor()
FNDA:28,System.Void WeatherBalloon.Messaging.MessageBase::.ctor()
DA:12,28
DA:13,28
DA:14,28
DA:15,28
LF:11
LH:10
BRF:0
BRH:0
FNF:4
FNH:3
end_of_record
SF:D:\Source\GitHub\WeatherBalloonEdge\master\WeatherBalloonEdge\shared\WeatherBalloon.Messaging\PredictionMessage.cs
FN:7,System.String WeatherBalloon.Messaging.PredictionMessage::get_Type()
FNDA:0,System.String WeatherBalloon.Messaging.PredictionMessage::get_Type()
DA:8,0
FN:9,System.DateTime WeatherBalloon.Messaging.PredictionMessage::get_PredictionDate()
FNDA:0,System.DateTime WeatherBalloon.Messaging.PredictionMessage::get_PredictionDate()
DA:10,0
FN:11,System.Single WeatherBalloon.Messaging.PredictionMessage::get_LandingLat()
FNDA:0,System.Single WeatherBalloon.Messaging.PredictionMessage::get_LandingLat()
DA:12,0
FN:12,System.Single WeatherBalloon.Messaging.PredictionMessage::get_LandingLong()
FNDA:0,System.Single WeatherBalloon.Messaging.PredictionMessage::get_LandingLong()
DA:13,0
FN:13,System.DateTime WeatherBalloon.Messaging.PredictionMessage::get_LandingDateTime()
FNDA:0,System.DateTime WeatherBalloon.Messaging.PredictionMessage::get_LandingDateTime()
DA:14,0
FN:15,WeatherBalloon.Messaging.GPSLocation WeatherBalloon.Messaging.PredictionMessage::get_BalloonLocation()
FNDA:0,WeatherBalloon.Messaging.GPSLocation WeatherBalloon.Messaging.PredictionMessage::get_BalloonLocation()
DA:16,0
LF:6
LH:0
BRF:0
BRH:0
FNF:6
FNH:0
end_of_record
SF:D:\Source\GitHub\WeatherBalloonEdge\master\WeatherBalloonEdge\shared\WeatherBalloon.Messaging\TrackerMessage.cs
FN:6,System.String WeatherBalloon.Messaging.TrackerMessage::get_Type()
FNDA:0,System.String WeatherBalloon.Messaging.TrackerMessage::get_Type()
DA:7,0
FN:8,WeatherBalloon.Messaging.GPSLocation WeatherBalloon.Messaging.TrackerMessage::get_BalloonLocation()
FNDA:0,WeatherBalloon.Messaging.GPSLocation WeatherBalloon.Messaging.TrackerMessage::get_BalloonLocation()
DA:9,0
FN:9,WeatherBalloon.Messaging.GPSLocation WeatherBalloon.Messaging.TrackerMessage::get_TrackerLocation()
FNDA:0,WeatherBalloon.Messaging.GPSLocation WeatherBalloon.Messaging.TrackerMessage::get_TrackerLocation()
DA:10,0
FN:11,System.Double WeatherBalloon.Messaging.TrackerMessage::get_AveAscent()
FNDA:0,System.Double WeatherBalloon.Messaging.TrackerMessage::get_AveAscent()
DA:12,0
FN:12,System.Double WeatherBalloon.Messaging.TrackerMessage::get_AveDescent()
FNDA:0,System.Double WeatherBalloon.Messaging.TrackerMessage::get_AveDescent()
DA:13,0
FN:13,System.Double WeatherBalloon.Messaging.TrackerMessage::get_BurstAltitude()
FNDA:0,System.Double WeatherBalloon.Messaging.TrackerMessage::get_BurstAltitude()
DA:14,0
FN:14,WeatherBalloon.Messaging.BalloonState WeatherBalloon.Messaging.TrackerMessage::get_State()
FNDA:0,WeatherBalloon.Messaging.BalloonState WeatherBalloon.Messaging.TrackerMessage::get_State()
DA:15,0
LF:7
LH:0
BRF:0
BRH:0
FNF:7
FNH:0
end_of_record